\BOOKMARK [1][-]{section.1}{\376\377\000I\000n\000t\000r\000o\000d\000u\000c\000t\000i\000o\000n}{}% 1
\BOOKMARK [1][-]{section.2}{\376\377\000A\000n\000a\000l\000y\000s\000e\000\040\000e\000t\000\040\000N\000e\000t\000t\000o\000y\000a\000g\000e\000\040\000d\000e\000s\000\040\000D\000o\000n\000n\000\351\000e\000s}{}% 2
\BOOKMARK [2][-]{subsection.2.1}{\376\377\000D\000e\000s\000c\000r\000i\000p\000t\000i\000o\000n\000\040\000d\000e\000s\000\040\000D\000o\000n\000n\000\351\000e\000s}{section.2}% 3
\BOOKMARK [2][-]{subsection.2.2}{\376\377\000S\000t\000a\000t\000i\000s\000t\000i\000q\000u\000e\000s\000\040\000D\000e\000s\000c\000r\000i\000p\000t\000i\000v\000e\000s}{section.2}% 4
\BOOKMARK [2][-]{subsection.2.3}{\376\377\000N\000e\000t\000t\000o\000y\000a\000g\000e\000\040\000d\000e\000s\000\040\000D\000o\000n\000n\000\351\000e\000s}{section.2}% 5
\BOOKMARK [2][-]{subsection.2.4}{\376\377\000I\000m\000p\000o\000r\000t\000a\000n\000c\000e\000\040\000d\000e\000s\000\040\000F\000e\000a\000t\000u\000r\000e\000s\000\040\000\050\000A\000d\000a\000B\000o\000o\000s\000t\000\051}{section.2}% 6
\BOOKMARK [1][-]{section.3}{\376\377\000C\000o\000m\000p\000a\000r\000a\000i\000s\000o\000n\000\040\000d\000e\000s\000\040\0008\000\040\000M\000o\000d\000\350\000l\000e\000s}{}% 7
\BOOKMARK [2][-]{subsection.3.1}{\376\377\000R\000\351\000s\000u\000l\000t\000a\000t\000s\000\040\000d\000e\000s\000\040\000M\000o\000d\000\350\000l\000e\000s}{section.3}% 8
\BOOKMARK [2][-]{subsection.3.2}{\376\377\000V\000i\000s\000u\000a\000l\000i\000s\000a\000t\000i\000o\000n\000\040\000d\000e\000\040\000l\000a\000\040\000C\000o\000m\000p\000a\000r\000a\000i\000s\000o\000n}{section.3}% 9
\BOOKMARK [1][-]{section.4}{\376\377\000D\000i\000s\000c\000u\000s\000s\000i\000o\000n\000\040\000d\000e\000\040\000C\000h\000a\000q\000u\000e\000\040\000R\000\351\000s\000u\000l\000t\000a\000t}{}% 10
\BOOKMARK [2][-]{subsection.4.1}{\376\377\000L\000o\000g\000i\000s\000t\000i\000c\000\040\000R\000e\000g\000r\000e\000s\000s\000i\000o\000n}{section.4}% 11
\BOOKMARK [2][-]{subsection.4.2}{\376\377\000D\000e\000c\000i\000s\000i\000o\000n\000\040\000T\000r\000e\000e}{section.4}% 12
\BOOKMARK [2][-]{subsection.4.3}{\376\377\000R\000a\000n\000d\000o\000m\000\040\000F\000o\000r\000e\000s\000t}{section.4}% 13
\BOOKMARK [2][-]{subsection.4.4}{\376\377\000G\000r\000a\000d\000i\000e\000n\000t\000\040\000B\000o\000o\000s\000t\000i\000n\000g}{section.4}% 14
\BOOKMARK [2][-]{subsection.4.5}{\376\377\000A\000d\000a\000B\000o\000o\000s\000t}{section.4}% 15
\BOOKMARK [2][-]{subsection.4.6}{\376\377\000E\000x\000t\000r\000a\000\040\000T\000r\000e\000e\000s}{section.4}% 16
\BOOKMARK [2][-]{subsection.4.7}{\376\377\000S\000V\000M}{section.4}% 17
\BOOKMARK [2][-]{subsection.4.8}{\376\377\000K\000-\000N\000e\000a\000r\000e\000s\000t\000\040\000N\000e\000i\000g\000h\000b\000o\000r\000s}{section.4}% 18
\BOOKMARK [1][-]{section.5}{\376\377\000V\000a\000l\000i\000d\000a\000t\000i\000o\000n\000\040\000A\000d\000d\000i\000t\000i\000o\000n\000n\000e\000l\000l\000e}{}% 19
\BOOKMARK [1][-]{section.6}{\376\377\000C\000o\000n\000c\000l\000u\000s\000i\000o\000n}{}% 20
